<?xml version="1.0" encoding="UTF-8"?>
<testsuite xmlns:xsi="http://www.w3.org/2001/XMLSchema-instance" xsi:noNamespaceSchemaLocation="https://maven.apache.org/surefire/maven-surefire-plugin/xsd/surefire-test-report-3.0.xsd" version="3.0" name="BackpackTest" time="0.04" tests="4" errors="0" skipped="0" failures="0">
  <properties>
    <property name="awt.toolkit" value="sun.lwawt.macosx.LWCToolkit"/>
    <property name="java.specification.version" value="12"/>
    <property name="sun.jnu.encoding" value="UTF-8"/>
    <property name="java.class.path" value="/Users/mukuch/Desktop/java/target/test-classes:/Users/mukuch/Desktop/java/target/classes:/Users/mukuch/.m2/repository/junit/junit/4.13.1/junit-4.13.1.jar:/Users/mukuch/.m2/repository/org/hamcrest/hamcrest-core/1.3/hamcrest-core-1.3.jar:/Users/mukuch/.m2/repository/org/mockito/mockito-core/3.6.28/mockito-core-3.6.28.jar:/Users/mukuch/.m2/repository/net/bytebuddy/byte-buddy/1.10.18/byte-buddy-1.10.18.jar:/Users/mukuch/.m2/repository/net/bytebuddy/byte-buddy-agent/1.10.18/byte-buddy-agent-1.10.18.jar:/Users/mukuch/.m2/repository/org/objenesis/objenesis/3.1/objenesis-3.1.jar:"/>
    <property name="java.vm.vendor" value="Oracle Corporation"/>
    <property name="sun.arch.data.model" value="64"/>
    <property name="java.vendor.url" value="https://java.oracle.com/"/>
    <property name="os.name" value="Mac OS X"/>
    <property name="java.vm.specification.version" value="12"/>
    <property name="sun.java.launcher" value="SUN_STANDARD"/>
    <property name="user.country" value="UA"/>
    <property name="sun.boot.library.path" value="/Library/Java/JavaVirtualMachines/jdk-12.0.2.jdk/Contents/Home/lib"/>
    <property name="sun.java.command" value="/Users/mukuch/Desktop/java/target/surefire/surefirebooter3979774404054600164.jar /Users/mukuch/Desktop/java/target/surefire 2020-12-24T08-52-09_778-jvmRun1 surefire522093520278301850tmp surefire_07099363847268492228tmp"/>
    <property name="http.nonProxyHosts" value="local|*.local|169.254/16|*.169.254/16"/>
    <property name="jdk.debug" value="release"/>
    <property name="surefire.test.class.path" value="/Users/mukuch/Desktop/java/target/test-classes:/Users/mukuch/Desktop/java/target/classes:/Users/mukuch/.m2/repository/junit/junit/4.13.1/junit-4.13.1.jar:/Users/mukuch/.m2/repository/org/hamcrest/hamcrest-core/1.3/hamcrest-core-1.3.jar:/Users/mukuch/.m2/repository/org/mockito/mockito-core/3.6.28/mockito-core-3.6.28.jar:/Users/mukuch/.m2/repository/net/bytebuddy/byte-buddy/1.10.18/byte-buddy-1.10.18.jar:/Users/mukuch/.m2/repository/net/bytebuddy/byte-buddy-agent/1.10.18/byte-buddy-agent-1.10.18.jar:/Users/mukuch/.m2/repository/org/objenesis/objenesis/3.1/objenesis-3.1.jar:"/>
    <property name="sun.cpu.endian" value="little"/>
    <property name="user.home" value="/Users/mukuch"/>
    <property name="user.language" value="ru"/>
    <property name="java.specification.vendor" value="Oracle Corporation"/>
    <property name="java.version.date" value="2019-07-16"/>
    <property name="idea.version2019.2.2" value="true"/>
    <property name="java.home" value="/Library/Java/JavaVirtualMachines/jdk-12.0.2.jdk/Contents/Home"/>
    <property name="file.separator" value="/"/>
    <property name="basedir" value="/Users/mukuch/Desktop/java"/>
    <property name="java.vm.compressedOopsMode" value="Zero based"/>
    <property name="line.separator" value="&#10;"/>
    <property name="java.vm.specification.vendor" value="Oracle Corporation"/>
    <property name="java.specification.name" value="Java Platform API Specification"/>
    <property name="java.awt.graphicsenv" value="sun.awt.CGraphicsEnvironment"/>
    <property name="surefire.real.class.path" value="/Users/mukuch/Desktop/java/target/surefire/surefirebooter3979774404054600164.jar"/>
    <property name="sun.management.compiler" value="HotSpot 64-Bit Tiered Compilers"/>
    <property name="ftp.nonProxyHosts" value="local|*.local|169.254/16|*.169.254/16"/>
    <property name="java.runtime.version" value="12.0.2+10"/>
    <property name="user.name" value="mukuch"/>
    <property name="path.separator" value=":"/>
    <property name="os.version" value="10.15.5"/>
    <property name="java.runtime.name" value="Java(TM) SE Runtime Environment"/>
    <property name="file.encoding" value="US-ASCII"/>
    <property name="java.vm.name" value="Java HotSpot(TM) 64-Bit Server VM"/>
    <property name="localRepository" value="/Users/mukuch/.m2/repository"/>
    <property name="java.vendor.url.bug" value="https://bugreport.java.com/bugreport/"/>
    <property name="java.io.tmpdir" value="/var/folders/2b/2rq04rsn5bn1px3_b3m0xxsw0000gn/T/"/>
    <property name="java.version" value="12.0.2"/>
    <property name="user.dir" value="/Users/mukuch/Desktop/java"/>
    <property name="os.arch" value="x86_64"/>
    <property name="java.vm.specification.name" value="Java Virtual Machine Specification"/>
    <property name="java.library.path" value="/Users/mukuch/Library/Java/Extensions:/Library/Java/Extensions:/Network/Library/Java/Extensions:/System/Library/Java/Extensions:/usr/lib/java:."/>
    <property name="java.vm.info" value="mixed mode, sharing"/>
    <property name="java.vendor" value="Oracle Corporation"/>
    <property name="java.vm.version" value="12.0.2+10"/>
    <property name="sun.io.unicode.encoding" value="UnicodeBig"/>
    <property name="socksNonProxyHosts" value="local|*.local|169.254/16|*.169.254/16"/>
    <property name="java.class.version" value="56.0"/>
  </properties>
  <testcase name="EqualsTextbook1_IsObjectSame_True" classname="BackpackTest" time="0.031">
    <system-out><![CDATA[Name: Tech
Theory part: 
Color: BLUE	 Material: GLOSS	 Size: A5	
Type of Theory part: LECTURES
_______________________________________
]]></system-out>
  </testcase>
  <testcase name="ChangePrice_ChangePriceField_True" classname="BackpackTest" time="0.023">
    <system-out><![CDATA[Knowledge Day
name: Math basics
author: Khachatrian Mkrtych
subject: Math
pages: 100
price: 280.0
Theory part: 
Color: RED	 Material: PAPER	 Size: A4	
Type of Theory part: LECTURES
Practice part: 
Color: RED	 Material: GLOSS	 Size: A5	
Type of Practice part: TESTS
_______________________________________
]]></system-out>
  </testcase>
  <testcase name="EqualsLook_IsObjectSame_True" classname="BackpackTest" time="0">
    <system-out><![CDATA[name: Math basics
author: Khachatrian Mkrtych
subject: Math
pages: 100
price: 250.0
Theory part: 
Color: RED	 Material: PAPER	 Size: A4	
Type of Theory part: LECTURES
Practice part: 
Color: RED	 Material: GLOSS	 Size: A5	
Type of Practice part: TESTS
_______________________________________
]]></system-out>
  </testcase>
  <testcase name="Input_IncorrectInput_ExceptionThrown" classname="BackpackTest" time="0.009">
    <system-out><![CDATA[My exception: No enum found with url: [FAIL_ON_PURPOSE]
]]></system-out>
  </testcase>
</testsuite>